# JRE version: OpenJDK Runtime Environment (24.0.1+9) (build 24.0.1+9-30)
# Java VM: OpenJDK 64-Bit Server VM (24.0.1+9-30, mixed mode, emulated-client, sharing, tiered, compressed oops, compressed class ptrs, g1 gc, windows-amd64)
GC Precious Log:
 CardTable entry size: 512
 Card Set container configuration: InlinePtr #cards 4 size 8 Array Of Cards #cards 16 size 48 Howl #buckets 8 coarsen threshold 3686 Howl Bitmap #cards 512 size 80 coarsen threshold 460 Card regions per heap region 1 cards per card region 4096
 CPUs: 12 total, 12 available
 Memory: 16307M
 Large Page Support: Disabled
 NUMA Support: Disabled
 Compressed Oops: Enabled (Zero based)
 Heap Region Size: 2M
 Heap Min Capacity: 8M
 Heap Initial Capacity: 256M
 Heap Max Capacity: 4078M
 Pre-touch: Disabled
 Parallel Workers: 10
 Concurrent Workers: 3
 Concurrent Refinement Workers: 10
 Periodic GC: Disabled
Heap:
 garbage-first heap   total reserved 4175872K, committed 129024K, used 99188K [0x0000000701200000, 0x0000000800000000)
  region size 2048K, 30 young (61440K), 5 survivors (10240K)
 Metaspace       used 84763K, committed 85440K, reserved 1179648K
  class space    used 9725K, committed 10048K, reserved 1048576K
GC Heap History (20 events):
Event: 4.195 GC heap before
{Heap before GC invocations=12 (full 0):
 garbage-first heap   total reserved 4175872K, committed 106496K, used 89229K [0x0000000701200000, 0x0000000800000000)
  region size 2048K, 29 young (59392K), 3 survivors (6144K)
 Metaspace       used 44974K, committed 45504K, reserved 1114112K
  class space    used 5079K, committed 5312K, reserved 1048576K
}
Event: 4.197 GC heap after
{Heap after GC invocations=13 (full 0):
 garbage-first heap   total reserved 4175872K, committed 106496K, used 36690K [0x0000000701200000, 0x0000000800000000)
  region size 2048K, 2 young (4096K), 2 survivors (4096K)
 Metaspace       used 44974K, committed 45504K, reserved 1114112K
  class space    used 5079K, committed 5312K, reserved 1048576K
}
Event: 4.321 GC heap before
{Heap before GC invocations=13 (full 0):
 garbage-first heap   total reserved 4175872K, committed 106496K, used 89938K [0x0000000701200000, 0x0000000800000000)
  region size 2048K, 28 young (57344K), 2 survivors (4096K)
 Metaspace       used 44983K, committed 45504K, reserved 1114112K
  class space    used 5080K, committed 5312K, reserved 1048576K
}
Event: 4.322 GC heap after
{Heap after GC invocations=14 (full 0):
 garbage-first heap   total reserved 4175872K, committed 106496K, used 37240K [0x0000000701200000, 0x0000000800000000)
  region size 2048K, 3 young (6144K), 3 survivors (6144K)
 Metaspace       used 44983K, committed 45504K, reserved 1114112K
  class space    used 5080K, committed 5312K, reserved 1048576K
}
Event: 4.450 GC heap before
{Heap before GC invocations=14 (full 0):
 garbage-first heap   total reserved 4175872K, committed 106496K, used 88440K [0x0000000701200000, 0x0000000800000000)
  region size 2048K, 28 young (57344K), 3 survivors (6144K)
 Metaspace       used 45451K, committed 46016K, reserved 1114112K
  class space    used 5120K, committed 5376K, reserved 1048576K
}
Event: 4.451 GC heap after
{Heap after GC invocations=15 (full 0):
 garbage-first heap   total reserved 4175872K, committed 106496K, used 37491K [0x0000000701200000, 0x0000000800000000)
  region size 2048K, 3 young (6144K), 3 survivors (6144K)
 Metaspace       used 45451K, committed 46016K, reserved 1114112K
  class space    used 5120K, committed 5376K, reserved 1048576K
}
Event: 4.596 GC heap before
{Heap before GC invocations=15 (full 0):
 garbage-first heap   total reserved 4175872K, committed 106496K, used 86643K [0x0000000701200000, 0x0000000800000000)
  region size 2048K, 28 young (57344K), 3 survivors (6144K)
 Metaspace       used 47056K, committed 47552K, reserved 1114112K
  class space    used 5392K, committed 5632K, reserved 1048576K
}
Event: 4.598 GC heap after
{Heap after GC invocations=16 (full 0):
 garbage-first heap   total reserved 4175872K, committed 106496K, used 39212K [0x0000000701200000, 0x0000000800000000)
  region size 2048K, 3 young (6144K), 3 survivors (6144K)
 Metaspace       used 47056K, committed 47552K, reserved 1114112K
  class space    used 5392K, committed 5632K, reserved 1048576K
}
Event: 4.698 GC heap before
{Heap before GC invocations=16 (full 0):
 garbage-first heap   total reserved 4175872K, committed 106496K, used 86316K [0x0000000701200000, 0x0000000800000000)
  region size 2048K, 27 young (55296K), 3 survivors (6144K)
 Metaspace       used 47056K, committed 47552K, reserved 1114112K
  class space    used 5392K, committed 5632K, reserved 1048576K
}
Event: 4.700 GC heap after
{Heap after GC invocations=17 (full 0):
 garbage-first heap   total reserved 4175872K, committed 129024K, used 39852K [0x0000000701200000, 0x0000000800000000)
  region size 2048K, 3 young (6144K), 3 survivors (6144K)
 Metaspace       used 47056K, committed 47552K, reserved 1114112K
  class space    used 5392K, committed 5632K, reserved 1048576K
}
Event: 5.288 GC heap before
{Heap before GC invocations=17 (full 0):
 garbage-first heap   total reserved 4175872K, committed 129024K, used 109484K [0x0000000701200000, 0x0000000800000000)
  region size 2048K, 37 young (75776K), 3 survivors (6144K)
 Metaspace       used 51416K, committed 51904K, reserved 1114112K
  class space    used 5847K, committed 6080K, reserved 1048576K
}
Event: 5.290 GC heap after
{Heap after GC invocations=18 (full 0):
 garbage-first heap   total reserved 4175872K, committed 129024K, used 40563K [0x0000000701200000, 0x0000000800000000)
  region size 2048K, 3 young (6144K), 3 survivors (6144K)
 Metaspace       used 51416K, committed 51904K, reserved 1114112K
  class space    used 5847K, committed 6080K, reserved 1048576K
}
Event: 5.497 GC heap before
{Heap before GC invocations=18 (full 0):
 garbage-first heap   total reserved 4175872K, committed 129024K, used 106099K [0x0000000701200000, 0x0000000800000000)
  region size 2048K, 36 young (73728K), 3 survivors (6144K)
 Metaspace       used 53770K, committed 54336K, reserved 1114112K
  class space    used 6121K, committed 6400K, reserved 1048576K
}
Event: 5.499 GC heap after
{Heap after GC invocations=19 (full 0):
 garbage-first heap   total reserved 4175872K, committed 129024K, used 41536K [0x0000000701200000, 0x0000000800000000)
  region size 2048K, 3 young (6144K), 3 survivors (6144K)
 Metaspace       used 53770K, committed 54336K, reserved 1114112K
  class space    used 6121K, committed 6400K, reserved 1048576K
}
Event: 5.774 GC heap before
{Heap before GC invocations=19 (full 0):
 garbage-first heap   total reserved 4175872K, committed 129024K, used 80448K [0x0000000701200000, 0x0000000800000000)
  region size 2048K, 23 young (47104K), 3 survivors (6144K)
 Metaspace       used 59883K, committed 60416K, reserved 1114112K
  class space    used 6891K, committed 7104K, reserved 1048576K
}
Event: 5.777 GC heap after
{Heap after GC invocations=20 (full 0):
 garbage-first heap   total reserved 4175872K, committed 129024K, used 42486K [0x0000000701200000, 0x0000000800000000)
  region size 2048K, 4 young (8192K), 4 survivors (8192K)
 Metaspace       used 59883K, committed 60416K, reserved 1114112K
  class space    used 6891K, committed 7104K, reserved 1048576K
}
Event: 6.689 GC heap before
{Heap before GC invocations=21 (full 0):
 garbage-first heap   total reserved 4175872K, committed 129024K, used 108022K [0x0000000701200000, 0x0000000800000000)
  region size 2048K, 37 young (75776K), 4 survivors (8192K)
 Metaspace       used 74859K, committed 75392K, reserved 1179648K
  class space    used 8556K, committed 8768K, reserved 1048576K
}
Event: 6.692 GC heap after
{Heap after GC invocations=22 (full 0):
 garbage-first heap   total reserved 4175872K, committed 129024K, used 45581K [0x0000000701200000, 0x0000000800000000)
  region size 2048K, 4 young (8192K), 4 survivors (8192K)
 Metaspace       used 74859K, committed 75392K, reserved 1179648K
  class space    used 8556K, committed 8768K, reserved 1048576K
}
Event: 7.303 GC heap before
{Heap before GC invocations=22 (full 0):
 garbage-first heap   total reserved 4175872K, committed 129024K, used 111117K [0x0000000701200000, 0x0000000800000000)
  region size 2048K, 36 young (73728K), 4 survivors (8192K)
 Metaspace       used 82248K, committed 82880K, reserved 1179648K
  class space    used 9361K, committed 9600K, reserved 1048576K
}
Event: 7.309 GC heap after
{Heap after GC invocations=23 (full 0):
 garbage-first heap   total reserved 4175872K, committed 129024K, used 50036K [0x0000000701200000, 0x0000000800000000)
  region size 2048K, 5 young (10240K), 5 survivors (10240K)
 Metaspace       used 82248K, committed 82880K, reserved 1179648K
  class space    used 9361K, committed 9600K, reserved 1048576K
}

